2025-01-02T10:47:02.518+0600 [DEBUG] [org.gradle.launcher.daemon.bootstrap.DaemonMain] Assuming the daemon was started with following jvm opts: [--add-opens=java.base/java.util=ALL-UNNAMED, --add-opens=java.base/java.lang=ALL-UNNAMED, --add-opens=java.base/java.lang.invoke=ALL-UNNAMED, --add-opens=java.prefs/java.util.prefs=ALL-UNNAMED, --add-opens=java.base/java.nio.charset=ALL-UNNAMED, --add-opens=java.base/java.net=ALL-UNNAMED, --add-opens=java.base/java.util.concurrent.atomic=ALL-UNNAMED, -Xmx2048m, -Dfile.encoding=UTF-8, -Duser.country=US, -Duser.language=en, -Duser.variant]
2025-01-02T10:47:02.621+0600 [DEBUG] [org.gradle.internal.nativeintegration.services.NativeServices] Native-platform posix files integration is not available. Continuing with fallback.
2025-01-02T10:47:02.629+0600 [INFO] [org.gradle.launcher.daemon.server.Daemon] start() called on daemon - DefaultDaemonContext[uid=70c70d32-9f41-4448-b992-0d60bec55a01,javaHome=C:\Program Files\Android\Android Studio\jbr,daemonRegistryDir=D:\Projects\App\Shetab2\daemon,pid=4432,idleTimeout=10800000,priority=NORMAL,applyInstrumentationAgent=true,daemonOpts=--add-opens=java.base/java.util=ALL-UNNAMED,--add-opens=java.base/java.lang=ALL-UNNAMED,--add-opens=java.base/java.lang.invoke=ALL-UNNAMED,--add-opens=java.prefs/java.util.prefs=ALL-UNNAMED,--add-opens=java.base/java.nio.charset=ALL-UNNAMED,--add-opens=java.base/java.net=ALL-UNNAMED,--add-opens=java.base/java.util.concurrent.atomic=ALL-UNNAMED,-Xmx2048m,-Dfile.encoding=UTF-8,-Duser.country=US,-Duser.language=en,-Duser.variant]
2025-01-02T10:47:02.664+0600 [DEBUG] [org.gradle.internal.remote.internal.inet.InetAddresses] Adding IP addresses for network interface Hyper-V Virtual Switch Extension Adapter-Hyper-V Virtual Switch Extension Filter-0000
2025-01-02T10:47:02.664+0600 [DEBUG] [org.gradle.internal.remote.internal.inet.InetAddresses] Is this a loopback interface? false
2025-01-02T10:47:02.664+0600 [DEBUG] [org.gradle.internal.remote.internal.inet.InetAddresses] Adding IP addresses for network interface Realtek PCIe GbE Family Controller-WFP Native MAC Layer LightWeight Filter-0000
2025-01-02T10:47:02.664+0600 [DEBUG] [org.gradle.internal.remote.internal.inet.InetAddresses] Is this a loopback interface? false
2025-01-02T10:47:02.664+0600 [DEBUG] [org.gradle.internal.remote.internal.inet.InetAddresses] Adding IP addresses for network interface Realtek PCIe GbE Family Controller-QoS Packet Scheduler-0000
2025-01-02T10:47:02.665+0600 [DEBUG] [org.gradle.internal.remote.internal.inet.InetAddresses] Is this a loopback interface? false
2025-01-02T10:47:02.665+0600 [DEBUG] [org.gradle.internal.remote.internal.inet.InetAddresses] Adding IP addresses for network interface Realtek PCIe GbE Family Controller-WFP 802.3 MAC Layer LightWeight Filter-0000
2025-01-02T10:47:02.665+0600 [DEBUG] [org.gradle.internal.remote.internal.inet.InetAddresses] Is this a loopback interface? false
2025-01-02T10:47:02.665+0600 [DEBUG] [org.gradle.internal.remote.internal.inet.InetAddresses] Adding IP addresses for network interface Hyper-V Virtual Ethernet Adapter-WFP Native MAC Layer LightWeight Filter-0000
2025-01-02T10:47:02.665+0600 [DEBUG] [org.gradle.internal.remote.internal.inet.InetAddresses] Is this a loopback interface? false
2025-01-02T10:47:02.665+0600 [DEBUG] [org.gradle.internal.remote.internal.inet.InetAddresses] Adding IP addresses for network interface Hyper-V Virtual Ethernet Adapter-QoS Packet Scheduler-0000
2025-01-02T10:47:02.666+0600 [DEBUG] [org.gradle.internal.remote.internal.inet.InetAddresses] Is this a loopback interface? false
2025-01-02T10:47:02.666+0600 [DEBUG] [org.gradle.internal.remote.internal.inet.InetAddresses] Adding IP addresses for network interface Hyper-V Virtual Ethernet Adapter-WFP 802.3 MAC Layer LightWeight Filter-0000
2025-01-02T10:47:02.666+0600 [DEBUG] [org.gradle.internal.remote.internal.inet.InetAddresses] Is this a loopback interface? false
2025-01-02T10:47:02.666+0600 [DEBUG] [org.gradle.internal.remote.internal.inet.InetAddresses] Adding IP addresses for network interface Microsoft Kernel Debug Network Adapter
2025-01-02T10:47:02.666+0600 [DEBUG] [org.gradle.internal.remote.internal.inet.InetAddresses] Is this a loopback interface? false
2025-01-02T10:47:02.667+0600 [DEBUG] [org.gradle.internal.remote.internal.inet.InetAddresses] Adding IP addresses for network interface Realtek PCIe GbE Family Controller
2025-01-02T10:47:02.667+0600 [DEBUG] [org.gradle.internal.remote.internal.inet.InetAddresses] Is this a loopback interface? false
2025-01-02T10:47:02.667+0600 [DEBUG] [org.gradle.internal.remote.internal.inet.InetAddresses] Adding remote address /fe80:0:0:0:ac9a:74e:8a90:ee96%ethernet_32769
2025-01-02T10:47:02.667+0600 [DEBUG] [org.gradle.internal.remote.internal.inet.InetAddresses] Adding remote address /192.168.10.24
2025-01-02T10:47:02.667+0600 [DEBUG] [org.gradle.internal.remote.internal.inet.InetAddresses] Adding IP addresses for network interface Hyper-V Virtual Switch Extension Adapter
2025-01-02T10:47:02.667+0600 [DEBUG] [org.gradle.internal.remote.internal.inet.InetAddresses] Is this a loopback interface? false
2025-01-02T10:47:02.667+0600 [DEBUG] [org.gradle.internal.remote.internal.inet.InetAddresses] Adding IP addresses for network interface Hyper-V Virtual Ethernet Adapter
2025-01-02T10:47:02.668+0600 [DEBUG] [org.gradle.internal.remote.internal.inet.InetAddresses] Is this a loopback interface? false
2025-01-02T10:47:02.668+0600 [DEBUG] [org.gradle.internal.remote.internal.inet.InetAddresses] Adding remote address /fe80:0:0:0:92eb:a9c2:c8f1:f285%ethernet_32771
2025-01-02T10:47:02.668+0600 [DEBUG] [org.gradle.internal.remote.internal.inet.InetAddresses] Adding remote address /172.29.16.1
2025-01-02T10:47:02.668+0600 [DEBUG] [org.gradle.internal.remote.internal.inet.InetAddresses] Adding IP addresses for network interface Software Loopback Interface 1
2025-01-02T10:47:02.668+0600 [DEBUG] [org.gradle.internal.remote.internal.inet.InetAddresses] Is this a loopback interface? true
2025-01-02T10:47:02.668+0600 [DEBUG] [org.gradle.internal.remote.internal.inet.InetAddresses] Adding loopback address /0:0:0:0:0:0:0:1
2025-01-02T10:47:02.668+0600 [DEBUG] [org.gradle.internal.remote.internal.inet.InetAddresses] Adding loopback address /127.0.0.1
2025-01-02T10:47:02.669+0600 [DEBUG] [org.gradle.internal.remote.internal.inet.InetAddresses] Adding IP addresses for network interface Microsoft Teredo Tunneling Adapter
2025-01-02T10:47:02.669+0600 [DEBUG] [org.gradle.internal.remote.internal.inet.InetAddresses] Is this a loopback interface? false
2025-01-02T10:47:02.669+0600 [DEBUG] [org.gradle.internal.remote.internal.inet.InetAddresses] Adding IP addresses for network interface Microsoft IP-HTTPS Platform Adapter
2025-01-02T10:47:02.669+0600 [DEBUG] [org.gradle.internal.remote.internal.inet.InetAddresses] Is this a loopback interface? false
2025-01-02T10:47:02.669+0600 [DEBUG] [org.gradle.internal.remote.internal.inet.InetAddresses] Adding IP addresses for network interface Microsoft 6to4 Adapter
2025-01-02T10:47:02.669+0600 [DEBUG] [org.gradle.internal.remote.internal.inet.InetAddresses] Is this a loopback interface? false
2025-01-02T10:47:02.671+0600 [DEBUG] [org.gradle.internal.remote.internal.inet.TcpIncomingConnector] Listening on [3a194519-8153-4267-b9a0-085253f4efe6 port:59309, addresses:[localhost/127.0.0.1]].
2025-01-02T10:47:02.682+0600 [DEBUG] [org.gradle.launcher.daemon.server.Daemon] Daemon starting at: Thu Jan 02 10:47:02 BDT 2025, with address: [3a194519-8153-4267-b9a0-085253f4efe6 port:59309, addresses:[localhost/127.0.0.1]]
2025-01-02T10:47:02.683+0600 [INFO] [org.gradle.launcher.daemon.server.DaemonRegistryUpdater] Advertising the daemon address to the clients: [3a194519-8153-4267-b9a0-085253f4efe6 port:59309, addresses:[localhost/127.0.0.1]]
2025-01-02T10:47:02.683+0600 [DEBUG] [org.gradle.launcher.daemon.server.DaemonRegistryUpdater] Advertised daemon context: DefaultDaemonContext[uid=70c70d32-9f41-4448-b992-0d60bec55a01,javaHome=C:\Program Files\Android\Android Studio\jbr,daemonRegistryDir=D:\Projects\App\Shetab2\daemon,pid=4432,idleTimeout=10800000,priority=NORMAL,applyInstrumentationAgent=true,daemonOpts=--add-opens=java.base/java.util=ALL-UNNAMED,--add-opens=java.base/java.lang=ALL-UNNAMED,--add-opens=java.base/java.lang.invoke=ALL-UNNAMED,--add-opens=java.prefs/java.util.prefs=ALL-UNNAMED,--add-opens=java.base/java.nio.charset=ALL-UNNAMED,--add-opens=java.base/java.net=ALL-UNNAMED,--add-opens=java.base/java.util.concurrent.atomic=ALL-UNNAMED,-Xmx2048m,-Dfile.encoding=UTF-8,-Duser.country=US,-Duser.language=en,-Duser.variant]
2025-01-02T10:47:02.683+0600 [DEBUG] [org.gradle.launcher.daemon.registry.PersistentDaemonRegistry] Storing daemon address: [3a194519-8153-4267-b9a0-085253f4efe6 port:59309, addresses:[localhost/127.0.0.1]], context: DefaultDaemonContext[uid=70c70d32-9f41-4448-b992-0d60bec55a01,javaHome=C:\Program Files\Android\Android Studio\jbr,daemonRegistryDir=D:\Projects\App\Shetab2\daemon,pid=4432,idleTimeout=10800000,priority=NORMAL,applyInstrumentationAgent=true,daemonOpts=--add-opens=java.base/java.util=ALL-UNNAMED,--add-opens=java.base/java.lang=ALL-UNNAMED,--add-opens=java.base/java.lang.invoke=ALL-UNNAMED,--add-opens=java.prefs/java.util.prefs=ALL-UNNAMED,--add-opens=java.base/java.nio.charset=ALL-UNNAMED,--add-opens=java.base/java.net=ALL-UNNAMED,--add-opens=java.base/java.util.concurrent.atomic=ALL-UNNAMED,-Xmx2048m,-Dfile.encoding=UTF-8,-Duser.country=US,-Duser.language=en,-Duser.variant]
2025-01-02T10:47:02.689+0600 [DEBUG] [org.gradle.cache.internal.DefaultFileLockManager] Waiting to acquire exclusive lock on daemon addresses registry.
2025-01-02T10:47:02.692+0600 [DEBUG] [org.gradle.cache.internal.DefaultFileLockManager] Lock acquired on daemon addresses registry.
2025-01-02T10:47:02.695+0600 [DEBUG] [org.gradle.cache.internal.DefaultFileLockManager] Releasing lock on daemon addresses registry.
2025-01-02T10:47:02.695+0600 [LIFECYCLE] [org.gradle.launcher.daemon.server.Daemon] Daemon server started.
2025-01-02T10:47:02.696+0600 [DEBUG] [org.gradle.launcher.daemon.bootstrap.DaemonStartupCommunication] Completed writing the daemon greeting. Closing streams...
2025-01-02T10:47:02.699+0600 [DEBUG] [org.gradle.launcher.daemon.server.Daemon] stopOnExpiration() called on daemon
2025-01-02T10:47:02.700+0600 [DEBUG] [org.gradle.launcher.daemon.server.Daemon] awaitExpiration() called on daemon
2025-01-02T10:47:02.700+0600 [DEBUG] [org.gradle.launcher.daemon.server.DaemonStateCoordinator] daemon is running. Sleeping until state changes.
2025-01-02T10:47:02.701+0600 [DEBUG] [org.gradle.internal.remote.internal.inet.TcpIncomingConnector] Accepted connection from /127.0.0.1:59310 to /127.0.0.1:59309.
2025-01-02T10:47:02.739+0600 [DEBUG] [org.gradle.launcher.daemon.server.SynchronizedDispatchConnection] thread 33: received class org.gradle.launcher.daemon.protocol.Build
2025-01-02T10:47:02.739+0600 [DEBUG] [org.gradle.launcher.daemon.server.DefaultDaemonConnection] thread 33: Received non-IO message from client: Build{id=6fff089b-8062-4100-858a-cadcb997abe4, currentDir=D:\Projects\App\Chuadanga-City}
2025-01-02T10:47:02.739+0600 [INFO] [org.gradle.launcher.daemon.server.DefaultIncomingConnectionHandler] Received command: Build{id=6fff089b-8062-4100-858a-cadcb997abe4, currentDir=D:\Projects\App\Chuadanga-City}.
2025-01-02T10:47:02.739+0600 [DEBUG] [org.gradle.launcher.daemon.server.DefaultIncomingConnectionHandler] Starting executing command: Build{id=6fff089b-8062-4100-858a-cadcb997abe4, currentDir=D:\Projects\App\Chuadanga-City} with connection: socket connection from /127.0.0.1:59309 to /127.0.0.1:59310.
2025-01-02T10:47:02.741+0600 [DEBUG] [org.gradle.launcher.daemon.server.DaemonStateCoordinator] Command execution: started DaemonCommandExecution[command = Build{id=6fff089b-8062-4100-858a-cadcb997abe4, currentDir=D:\Projects\App\Chuadanga-City}, connection = DefaultDaemonConnection: socket connection from /127.0.0.1:59309 to /127.0.0.1:59310] after 0.0 minutes of idle
2025-01-02T10:47:02.741+0600 [INFO] [org.gradle.launcher.daemon.server.DaemonRegistryUpdater] Marking the daemon as busy, address: [3a194519-8153-4267-b9a0-085253f4efe6 port:59309, addresses:[localhost/127.0.0.1]]
2025-01-02T10:47:02.741+0600 [DEBUG] [org.gradle.launcher.daemon.registry.PersistentDaemonRegistry] Marking busy by address: [3a194519-8153-4267-b9a0-085253f4efe6 port:59309, addresses:[localhost/127.0.0.1]]
2025-01-02T10:47:02.741+0600 [DEBUG] [org.gradle.cache.internal.DefaultFileLockManager] Waiting to acquire exclusive lock on daemon addresses registry.
2025-01-02T10:47:02.742+0600 [DEBUG] [org.gradle.cache.internal.DefaultFileLockManager] Lock acquired on daemon addresses registry.
2025-01-02T10:47:02.742+0600 [DEBUG] [org.gradle.cache.internal.DefaultFileLockManager] Releasing lock on daemon addresses registry.
2025-01-02T10:47:02.743+0600 [DEBUG] [org.gradle.launcher.daemon.server.DaemonStateCoordinator] resetting idle timer
2025-01-02T10:47:02.743+0600 [DEBUG] [org.gradle.launcher.daemon.server.DaemonStateCoordinator] daemon is running. Sleeping until state changes.
2025-01-02T10:47:02.744+0600 [INFO] [org.gradle.launcher.daemon.server.exec.StartBuildOrRespondWithBusy] Daemon is about to start building Build{id=6fff089b-8062-4100-858a-cadcb997abe4, currentDir=D:\Projects\App\Chuadanga-City}. Dispatching build started information...
2025-01-02T10:47:02.744+0600 [DEBUG] [org.gradle.launcher.daemon.server.SynchronizedDispatchConnection] thread 35: dispatching org.gradle.launcher.daemon.protocol.BuildStarted@5c4b2427
2025-01-02T10:47:02.745+0600 [DEBUG] [org.gradle.launcher.daemon.server.exec.EstablishBuildEnvironment] Configuring env variables: [USERDOMAIN_ROAMINGPROFILE, IGCCSVC_DB, LOCALAPPDATA, ChocolateyLastPathUpdate, PROCESSOR_LEVEL, USERDOMAIN, LOGONSERVER, FPS_BROWSER_APP_PROFILE_STRING, JAVA_HOME, SESSIONNAME, ALLUSERSPROFILE, PROCESSOR_ARCHITECTURE, PSModulePath, SystemDrive, OneDrive, APPDATA, USERNAME, ChocolateyInstall, ProgramFiles(x86), CommonProgramFiles, Path, FPS_BROWSER_USER_PROFILE_STRING, PATHEXT, DriverData, OS, COMPUTERNAME, PROCESSOR_REVISION, CommonProgramW6432, ComSpec, ProgramData, ProgramW6432, TEMP, HOMEPATH, SystemRoot, PROCESSOR_IDENTIFIER, HOMEDRIVE, USERPROFILE, TMP, CommonProgramFiles(x86), ProgramFiles, PUBLIC, windir, NUMBER_OF_PROCESSORS, =::, ZES_ENABLE_SYSMAN]
2025-01-02T10:47:02.746+0600 [DEBUG] [org.gradle.launcher.daemon.server.SynchronizedDispatchConnection] thread 33: received class org.gradle.launcher.daemon.protocol.CloseInput
2025-01-02T10:47:02.746+0600 [DEBUG] [org.gradle.launcher.daemon.server.DefaultDaemonConnection] thread 33: Received IO message from client: org.gradle.launcher.daemon.protocol.CloseInput@4788599f
2025-01-02T10:47:02.748+0600 [DEBUG] [org.gradle.launcher.daemon.server.exec.LogToClient] About to start relaying all logs to the client via the connection.
2025-01-02T10:47:02.748+0600 [INFO] [org.gradle.launcher.daemon.server.exec.LogToClient] The client will now receive all logging from the daemon (pid: 4432). The daemon log file: D:\Projects\App\Shetab2\daemon\8.7\daemon-4432.out.log
2025-01-02T10:47:02.749+0600 [INFO] [org.gradle.launcher.daemon.server.exec.LogAndCheckHealth] Starting build in new daemon [memory: 2 GiB]
2025-01-02T10:47:02.750+0600 [INFO] [org.gradle.launcher.daemon.server.exec.ForwardClientInput] Closing daemon's stdin at end of input.
2025-01-02T10:47:02.750+0600 [INFO] [org.gradle.launcher.daemon.server.exec.ForwardClientInput] The daemon will no longer process any standard input.
2025-01-02T10:47:02.751+0600 [DEBUG] [org.gradle.launcher.daemon.server.exec.ExecuteBuild] The daemon has started executing the build.
2025-01-02T10:47:02.751+0600 [DEBUG] [org.gradle.launcher.daemon.server.exec.ExecuteBuild] Executing build with daemon context: DefaultDaemonContext[uid=70c70d32-9f41-4448-b992-0d60bec55a01,javaHome=C:\Program Files\Android\Android Studio\jbr,daemonRegistryDir=D:\Projects\App\Shetab2\daemon,pid=4432,idleTimeout=10800000,priority=NORMAL,applyInstrumentationAgent=true,daemonOpts=--add-opens=java.base/java.util=ALL-UNNAMED,--add-opens=java.base/java.lang=ALL-UNNAMED,--add-opens=java.base/java.lang.invoke=ALL-UNNAMED,--add-opens=java.prefs/java.util.prefs=ALL-UNNAMED,--add-opens=java.base/java.nio.charset=ALL-UNNAMED,--add-opens=java.base/java.net=ALL-UNNAMED,--add-opens=java.base/java.util.concurrent.atomic=ALL-UNNAMED,-Xmx2048m,-Dfile.encoding=UTF-8,-Duser.country=US,-Duser.language=en,-Duser.variant]

Deprecated Gradle features were used in this build, making it incompatible with Gradle 9.0.

You can use '--warning-mode all' to show the individual deprecation warnings and determine if they come from your own scripts or plugins.

For more on this, please refer to https://docs.gradle.org/8.7/userguide/command_line_interface.html#sec:command_line_warnings in the Gradle documentation.

BUILD SUCCESSFUL in 12s
1 actionable task: 1 executed
2025-01-02T10:47:14.470+0600 [DEBUG] [org.gradle.launcher.daemon.server.exec.ExecuteBuild] The daemon has finished executing the build.
2025-01-02T10:47:14.487+0600 [DEBUG] [org.gradle.launcher.daemon.server.DaemonStateCoordinator] daemon is running. Sleeping until state changes.
2025-01-02T10:47:14.487+0600 [DEBUG] [org.gradle.launcher.daemon.server.DaemonStateCoordinator] Command execution: finished waiting for DaemonCommandExecution[command = Build{id=6fff089b-8062-4100-858a-cadcb997abe4, currentDir=D:\Projects\App\Chuadanga-City}, connection = DefaultDaemonConnection: socket connection from /127.0.0.1:59309 to /127.0.0.1:59310]. Result org.gradle.launcher.daemon.server.DaemonStateCoordinator@1eb56793 with state Busy
2025-01-02T10:47:14.487+0600 [DEBUG] [org.gradle.launcher.daemon.server.DaemonStateCoordinator] Command execution: completed DaemonCommandExecution[command = Build{id=6fff089b-8062-4100-858a-cadcb997abe4, currentDir=D:\Projects\App\Chuadanga-City}, connection = DefaultDaemonConnection: socket connection from /127.0.0.1:59309 to /127.0.0.1:59310]
2025-01-02T10:47:14.487+0600 [DEBUG] [org.gradle.launcher.daemon.server.DaemonStateCoordinator] resetting idle timer
2025-01-02T10:47:14.487+0600 [INFO] [org.gradle.launcher.daemon.server.DaemonRegistryUpdater] Marking the daemon as idle, address: [3a194519-8153-4267-b9a0-085253f4efe6 port:59309, addresses:[localhost/127.0.0.1]]
2025-01-02T10:47:14.487+0600 [DEBUG] [org.gradle.launcher.daemon.registry.PersistentDaemonRegistry] Marking busy by address: [3a194519-8153-4267-b9a0-085253f4efe6 port:59309, addresses:[localhost/127.0.0.1]]
2025-01-02T10:47:14.487+0600 [DEBUG] [org.gradle.cache.internal.DefaultFileLockManager] Waiting to acquire exclusive lock on daemon addresses registry.
2025-01-02T10:47:14.488+0600 [DEBUG] [org.gradle.cache.internal.DefaultFileLockManager] Lock acquired on daemon addresses registry.
2025-01-02T10:47:14.488+0600 [DEBUG] [org.gradle.cache.internal.DefaultFileLockManager] Releasing lock on daemon addresses registry.
2025-01-02T10:47:14.489+0600 [DEBUG] [org.gradle.launcher.daemon.server.DaemonStateCoordinator] daemon is running. Sleeping until state changes.
2025-01-02T10:47:14.489+0600 [DEBUG] [org.gradle.launcher.daemon.server.exec.ReturnResult] Daemon is dispatching the build result: Success[value=org.gradle.launcher.exec.BuildActionResult@403725b7]
2025-01-02T10:47:14.489+0600 [DEBUG] [org.gradle.launcher.daemon.server.SynchronizedDispatchConnection] thread 32: dispatching Success[value=org.gradle.launcher.exec.BuildActionResult@403725b7]
2025-01-02T10:47:14.490+0600 [DEBUG] [org.gradle.launcher.daemon.server.SynchronizedDispatchConnection] thread 33: received class org.gradle.launcher.daemon.protocol.Finished
2025-01-02T10:47:14.490+0600 [DEBUG] [org.gradle.launcher.daemon.server.DefaultIncomingConnectionHandler] Finishing executing command: Build{id=6fff089b-8062-4100-858a-cadcb997abe4, currentDir=D:\Projects\App\Chuadanga-City}
2025-01-02T10:47:14.490+0600 [DEBUG] [org.gradle.launcher.daemon.server.exec.CleanUpVirtualFileSystemAfterBuild] Cleaning virtual file system after build finished
2025-01-02T10:47:14.490+0600 [DEBUG] [org.gradle.launcher.daemon.server.DefaultDaemonConnection] thread 33: Received non-IO message from client: org.gradle.launcher.daemon.protocol.Finished@23c2d4e
2025-01-02T10:47:14.491+0600 [DEBUG] [org.gradle.launcher.daemon.server.DefaultIncomingConnectionHandler] Received finished message: org.gradle.launcher.daemon.protocol.Finished@23c2d4e
2025-01-02T10:47:14.491+0600 [DEBUG] [org.gradle.internal.remote.internal.inet.SocketConnection] Discarding EOFException: java.io.EOFException
2025-01-02T10:47:14.491+0600 [DEBUG] [org.gradle.launcher.daemon.server.SynchronizedDispatchConnection] thread 33: received null
2025-01-02T10:47:14.491+0600 [DEBUG] [org.gradle.launcher.daemon.server.DefaultDaemonConnection] thread 33: Received end-of-input from client.
2025-01-02T10:47:14.491+0600 [DEBUG] [org.gradle.launcher.daemon.server.SynchronizedDispatchConnection] thread 32: stopping connection
2025-01-02T10:47:14.492+0600 [DEBUG] [org.gradle.launcher.daemon.server.SynchronizedDispatchConnection] thread 32: stopping connection
2025-01-02T10:47:22.709+0600 [DEBUG] [org.gradle.cache.internal.DefaultFileLockManager] Waiting to acquire shared lock on daemon addresses registry.
2025-01-02T10:47:22.709+0600 [DEBUG] [org.gradle.cache.internal.DefaultFileLockManager] Lock acquired on daemon addresses registry.
2025-01-02T10:47:22.709+0600 [DEBUG] [org.gradle.cache.internal.DefaultFileLockManager] Releasing lock on daemon addresses registry.
2025-01-02T10:47:22.709+0600 [DEBUG] [org.gradle.cache.internal.DefaultFileLockManager] Waiting to acquire shared lock on daemon addresses registry.
2025-01-02T10:47:22.710+0600 [DEBUG] [org.gradle.cache.internal.DefaultFileLockManager] Lock acquired on daemon addresses registry.
2025-01-02T10:47:22.710+0600 [DEBUG] [org.gradle.cache.internal.DefaultFileLockManager] Releasing lock on daemon addresses registry.
2025-01-02T10:47:32.706+0600 [DEBUG] [org.gradle.cache.internal.DefaultFileLockManager] Waiting to acquire shared lock on daemon addresses registry.
2025-01-02T10:47:32.707+0600 [DEBUG] [org.gradle.cache.internal.DefaultFileLockManager] Lock acquired on daemon addresses registry.
2025-01-02T10:47:32.707+0600 [DEBUG] [org.gradle.cache.internal.DefaultFileLockManager] Releasing lock on daemon addresses registry.
2025-01-02T10:47:32.708+0600 [DEBUG] [org.gradle.cache.internal.DefaultFileLockManager] Waiting to acquire shared lock on daemon addresses registry.
2025-01-02T10:47:32.709+0600 [DEBUG] [org.gradle.cache.internal.DefaultFileLockManager] Lock acquired on daemon addresses registry.
2025-01-02T10:47:32.709+0600 [DEBUG] [org.gradle.cache.internal.DefaultFileLockManager] Releasing lock on daemon addresses registry.
2025-01-02T10:47:32.710+0600 [DEBUG] [org.gradle.cache.internal.DefaultFileLockManager] Waiting to acquire shared lock on daemon addresses registry.
2025-01-02T10:47:32.710+0600 [DEBUG] [org.gradle.cache.internal.DefaultFileLockManager] Lock acquired on daemon addresses registry.
2025-01-02T10:47:32.711+0600 [DEBUG] [org.gradle.cache.internal.DefaultFileLockManager] Releasing lock on daemon addresses registry.
2025-01-02T10:47:36.906+0600 [DEBUG] [org.gradle.internal.remote.internal.inet.TcpIncomingConnector] Accepted connection from /127.0.0.1:59313 to /127.0.0.1:59309.
2025-01-02T10:47:36.916+0600 [DEBUG] [org.gradle.launcher.daemon.server.SynchronizedDispatchConnection] thread 84: received class org.gradle.launcher.daemon.protocol.StopWhenIdle
2025-01-02T10:47:36.917+0600 [DEBUG] [org.gradle.launcher.daemon.server.DefaultDaemonConnection] thread 84: Received non-IO message from client: StopWhenIdle[id=038008f3-da05-4336-87e5-938796c1588c]
2025-01-02T10:47:36.917+0600 [INFO] [org.gradle.launcher.daemon.server.DefaultIncomingConnectionHandler] Received command: StopWhenIdle[id=038008f3-da05-4336-87e5-938796c1588c].
2025-01-02T10:47:36.917+0600 [DEBUG] [org.gradle.launcher.daemon.server.DefaultIncomingConnectionHandler] Starting executing command: StopWhenIdle[id=038008f3-da05-4336-87e5-938796c1588c] with connection: socket connection from /127.0.0.1:59309 to /127.0.0.1:59313.
2025-01-02T10:47:36.917+0600 [DEBUG] [org.gradle.launcher.daemon.server.DaemonRegistryUpdater] Storing daemon stop event: stop command received
2025-01-02T10:47:36.918+0600 [DEBUG] [org.gradle.launcher.daemon.registry.PersistentDaemonRegistry] Storing daemon stop event with timestamp 1735793256918
2025-01-02T10:47:36.919+0600 [DEBUG] [org.gradle.cache.internal.DefaultFileLockManager] Waiting to acquire exclusive lock on daemon addresses registry.
2025-01-02T10:47:36.919+0600 [DEBUG] [org.gradle.cache.internal.DefaultFileLockManager] Lock acquired on daemon addresses registry.
2025-01-02T10:47:36.920+0600 [DEBUG] [org.gradle.cache.internal.DefaultFileLockManager] Releasing lock on daemon addresses registry.
2025-01-02T10:47:36.920+0600 [LIFECYCLE] [org.gradle.launcher.daemon.server.DaemonStateCoordinator] Daemon will be stopped at the end of the build stop command received
2025-01-02T10:47:36.920+0600 [DEBUG] [org.gradle.launcher.daemon.server.DaemonStateCoordinator] Marking daemon stopped due to stop command received. The daemon is running a build: false
2025-01-02T10:47:36.921+0600 [DEBUG] [org.gradle.launcher.daemon.server.DaemonStateCoordinator] daemon has stopped.
2025-01-02T10:47:36.921+0600 [DEBUG] [org.gradle.launcher.daemon.server.SynchronizedDispatchConnection] thread 32: dispatching Success[value=null]
2025-01-02T10:47:36.921+0600 [DEBUG] [org.gradle.launcher.daemon.server.DefaultIncomingConnectionHandler] Finishing executing command: StopWhenIdle[id=038008f3-da05-4336-87e5-938796c1588c]
2025-01-02T10:47:36.921+0600 [DEBUG] [org.gradle.launcher.daemon.server.Daemon] stop() called on daemon
2025-01-02T10:47:36.921+0600 [DEBUG] [org.gradle.launcher.daemon.server.SynchronizedDispatchConnection] thread 84: received class org.gradle.launcher.daemon.protocol.Finished
2025-01-02T10:47:36.921+0600 [DEBUG] [org.gradle.launcher.daemon.server.DefaultDaemonConnection] thread 84: Received non-IO message from client: org.gradle.launcher.daemon.protocol.Finished@1a0a78c7
2025-01-02T10:47:36.921+0600 [DEBUG] [org.gradle.internal.remote.internal.inet.SocketConnection] Discarding EOFException: java.io.EOFException
2025-01-02T10:47:36.922+0600 [DEBUG] [org.gradle.launcher.daemon.server.SynchronizedDispatchConnection] thread 84: received null
2025-01-02T10:47:36.922+0600 [DEBUG] [org.gradle.launcher.daemon.server.DefaultDaemonConnection] thread 84: Received end-of-input from client.
2025-01-02T10:47:36.921+0600 [INFO] [org.gradle.launcher.daemon.server.Daemon] Stop requested. Daemon is removing its presence from the registry...
2025-01-02T10:47:36.922+0600 [DEBUG] [org.gradle.launcher.daemon.server.DaemonRegistryUpdater] Removing our presence to clients, eg. removing this address from the registry: [3a194519-8153-4267-b9a0-085253f4efe6 port:59309, addresses:[localhost/127.0.0.1]]
2025-01-02T10:47:36.922+0600 [DEBUG] [org.gradle.launcher.daemon.registry.PersistentDaemonRegistry] Removing daemon address: [3a194519-8153-4267-b9a0-085253f4efe6 port:59309, addresses:[localhost/127.0.0.1]]
2025-01-02T10:47:36.922+0600 [WARN] [org.gradle.launcher.daemon.server.DefaultIncomingConnectionHandler] Timed out waiting for finished message from client socket connection from /127.0.0.1:59309 to /127.0.0.1:59313. Discarding connection.
2025-01-02T10:47:36.923+0600 [DEBUG] [org.gradle.launcher.daemon.server.SynchronizedDispatchConnection] thread 32: stopping connection
2025-01-02T10:47:36.923+0600 [DEBUG] [org.gradle.cache.internal.DefaultFileLockManager] Waiting to acquire exclusive lock on daemon addresses registry.
2025-01-02T10:47:36.924+0600 [DEBUG] [org.gradle.cache.internal.DefaultFileLockManager] Lock acquired on daemon addresses registry.
2025-01-02T10:47:36.924+0600 [DEBUG] [org.gradle.cache.internal.DefaultFileLockManager] Releasing lock on daemon addresses registry.
2025-01-02T10:47:36.925+0600 [DEBUG] [org.gradle.launcher.daemon.server.DaemonRegistryUpdater] Address removed from registry.
2025-01-02T10:47:36.925+0600 [DEBUG] [org.gradle.launcher.daemon.server.SynchronizedDispatchConnection] thread 32: stopping connection
2025-01-02T10:47:36.934+0600 [DEBUG] [org.gradle.cache.internal.DefaultPersistentDirectoryStore] jars (D:\Projects\App\Shetab2\caches\jars-9) has last been fully cleaned up 19 hours ago
2025-01-02T10:47:36.935+0600 [DEBUG] [org.gradle.cache.internal.DefaultCacheCoordinator] Cache jars (D:\Projects\App\Shetab2\caches\jars-9) was closed 0 times.
2025-01-02T10:47:36.937+0600 [DEBUG] [org.gradle.cache.internal.LockOnDemandCrossProcessCacheAccess] Releasing file lock for file content cache (D:\Projects\App\Shetab2\caches\8.7\fileContent)
2025-01-02T10:47:36.937+0600 [DEBUG] [org.gradle.cache.internal.DefaultFileLockManager] Releasing lock on file content cache (D:\Projects\App\Shetab2\caches\8.7\fileContent).
2025-01-02T10:47:36.938+0600 [DEBUG] [org.gradle.internal.watch.vfs.impl.WatchingVirtualFileSystem] Closing VFS, dropping state
2025-01-02T10:47:36.942+0600 [DEBUG] [org.gradle.cache.internal.LockOnDemandCrossProcessCacheAccess] Releasing file lock for Generated Gradle JARs cache (D:\Projects\App\Shetab2\caches\8.7\generated-gradle-jars)
2025-01-02T10:47:36.943+0600 [DEBUG] [org.gradle.cache.internal.DefaultFileLockManager] Releasing lock on Generated Gradle JARs cache (D:\Projects\App\Shetab2\caches\8.7\generated-gradle-jars).
2025-01-02T10:47:36.943+0600 [DEBUG] [org.gradle.internal.watch.registry.impl.DefaultFileWatcherRegistry] Finished listening to file system change events
2025-01-02T10:47:36.944+0600 [DEBUG] [org.gradle.cache.internal.DefaultPersistentDirectoryStore] Artifact transforms cache (D:\Projects\App\Shetab2\caches\transforms-4) has last been fully cleaned up 64 hours ago
2025-01-02T10:47:36.945+0600 [INFO] [org.gradle.cache.internal.LeastRecentlyUsedCacheCleanup] Artifact transforms cache (D:\Projects\App\Shetab2\caches\transforms-4) removing files not accessed on or after Thu Dec 26 10:47:04 BDT 2024.
2025-01-02T10:47:40.371+0600 [INFO] [org.gradle.cache.internal.AbstractCacheCleanup] Artifact transforms cache (D:\Projects\App\Shetab2\caches\transforms-4) cleanup deleted 1785 files/directories.
2025-01-02T10:47:40.372+0600 [INFO] [org.gradle.cache.internal.DefaultPersistentDirectoryStore] Artifact transforms cache (D:\Projects\App\Shetab2\caches\transforms-4) cleaned up in 3.426 secs.
2025-01-02T10:47:40.372+0600 [DEBUG] [org.gradle.cache.internal.DefaultCacheCoordinator] Cache Artifact transforms cache (D:\Projects\App\Shetab2\caches\transforms-4) was closed 0 times.
2025-01-02T10:47:40.372+0600 [DEBUG] [org.gradle.cache.internal.LockOnDemandCrossProcessCacheAccess] Releasing file lock for artifact cache (D:\Projects\App\Shetab2\caches\modules-2)
2025-01-02T10:47:40.372+0600 [DEBUG] [org.gradle.cache.internal.btree.BTreePersistentIndexedCache] Closing cache module-artifact.bin (D:\Projects\App\Shetab2\caches\modules-2\metadata-2.106\module-artifact.bin)
2025-01-02T10:47:40.373+0600 [DEBUG] [org.gradle.cache.internal.btree.BTreePersistentIndexedCache] Closing cache module-metadata.bin (D:\Projects\App\Shetab2\caches\modules-2\metadata-2.106\module-metadata.bin)
2025-01-02T10:47:40.373+0600 [DEBUG] [org.gradle.cache.internal.DefaultFileLockManager] Releasing lock on artifact cache (D:\Projects\App\Shetab2\caches\modules-2).
2025-01-02T10:47:40.373+0600 [DEBUG] [org.gradle.cache.internal.DefaultPersistentDirectoryStore] artifact cache (D:\Projects\App\Shetab2\caches\modules-2) has last been fully cleaned up 19 hours ago
2025-01-02T10:47:40.374+0600 [DEBUG] [org.gradle.cache.internal.DefaultPersistentDirectoryStore] groovy-dsl (D:\Projects\App\Shetab2\caches\8.7\groovy-dsl) has last been fully cleaned up 64 hours ago
2025-01-02T10:47:40.374+0600 [INFO] [org.gradle.cache.internal.LeastRecentlyUsedCacheCleanup] groovy-dsl (D:\Projects\App\Shetab2\caches\8.7\groovy-dsl) removing files not accessed on or after Thu Dec 26 10:47:04 BDT 2024.
2025-01-02T10:47:40.375+0600 [INFO] [org.gradle.cache.internal.AbstractCacheCleanup] groovy-dsl (D:\Projects\App\Shetab2\caches\8.7\groovy-dsl) cleanup deleted 0 files/directories.
2025-01-02T10:47:40.375+0600 [INFO] [org.gradle.cache.internal.DefaultPersistentDirectoryStore] groovy-dsl (D:\Projects\App\Shetab2\caches\8.7\groovy-dsl) cleaned up in 0.0 secs.
2025-01-02T10:47:40.375+0600 [DEBUG] [org.gradle.cache.internal.DefaultCacheCoordinator] Cache groovy-dsl (D:\Projects\App\Shetab2\caches\8.7\groovy-dsl) was closed 0 times.
2025-01-02T10:47:40.375+0600 [DEBUG] [org.gradle.cache.internal.DefaultPersistentDirectoryStore] kotlin-dsl (D:\Projects\App\Shetab2\caches\8.7\kotlin-dsl) has last been fully cleaned up 64 hours ago
2025-01-02T10:47:40.376+0600 [INFO] [org.gradle.cache.internal.LeastRecentlyUsedCacheCleanup] kotlin-dsl (D:\Projects\App\Shetab2\caches\8.7\kotlin-dsl) removing files not accessed on or after Thu Dec 26 10:47:04 BDT 2024.
2025-01-02T10:47:40.993+0600 [INFO] [org.gradle.cache.internal.AbstractCacheCleanup] kotlin-dsl (D:\Projects\App\Shetab2\caches\8.7\kotlin-dsl) cleanup deleted 18 files/directories.
2025-01-02T10:47:40.993+0600 [INFO] [org.gradle.cache.internal.DefaultPersistentDirectoryStore] kotlin-dsl (D:\Projects\App\Shetab2\caches\8.7\kotlin-dsl) cleaned up in 0.617 secs.
2025-01-02T10:47:40.993+0600 [DEBUG] [org.gradle.cache.internal.DefaultCacheCoordinator] Cache kotlin-dsl (D:\Projects\App\Shetab2\caches\8.7\kotlin-dsl) was closed 0 times.
2025-01-02T10:47:40.993+0600 [DEBUG] [org.gradle.cache.internal.LockOnDemandCrossProcessCacheAccess] Releasing file lock for journal cache (D:\Projects\App\Shetab2\caches\journal-1)
2025-01-02T10:47:40.993+0600 [DEBUG] [org.gradle.cache.internal.btree.BTreePersistentIndexedCache] Closing cache file-access.bin (D:\Projects\App\Shetab2\caches\journal-1\file-access.bin)
2025-01-02T10:47:40.994+0600 [DEBUG] [org.gradle.cache.internal.DefaultFileLockManager] Releasing lock on journal cache (D:\Projects\App\Shetab2\caches\journal-1).
2025-01-02T10:47:40.994+0600 [DEBUG] [org.gradle.cache.internal.LockOnDemandCrossProcessCacheAccess] Releasing file lock for file hash cache (D:\Projects\App\Shetab2\caches\8.7\fileHashes)
2025-01-02T10:47:40.994+0600 [DEBUG] [org.gradle.cache.internal.btree.BTreePersistentIndexedCache] Closing cache fileHashes.bin (D:\Projects\App\Shetab2\caches\8.7\fileHashes\fileHashes.bin)
2025-01-02T10:47:40.994+0600 [DEBUG] [org.gradle.cache.internal.btree.BTreePersistentIndexedCache] Closing cache resourceHashesCache.bin (D:\Projects\App\Shetab2\caches\8.7\fileHashes\resourceHashesCache.bin)
2025-01-02T10:47:40.994+0600 [DEBUG] [org.gradle.cache.internal.DefaultFileLockManager] Releasing lock on file hash cache (D:\Projects\App\Shetab2\caches\8.7\fileHashes).
2025-01-02T10:47:41.004+0600 [DEBUG] [org.gradle.cache.internal.VersionSpecificCacheCleanupAction] Processed version-specific caches at D:\Projects\App\Shetab2\caches for cleanup in 0.009 secs
2025-01-02T10:47:41.012+0600 [DEBUG] [java.lang.Runtime] Runtime.exit() called with status: 0
java.lang.Throwable: Runtime.exit(0)
	at java.base/java.lang.Shutdown.logRuntimeExit(Unknown Source)
	at java.base/java.lang.Shutdown.exit(Unknown Source)
	at java.base/java.lang.Runtime.exit(Unknown Source)
	at java.base/java.lang.System.exit(Unknown Source)
	at org.gradle.launcher.bootstrap.ProcessCompleter.complete(ProcessCompleter.java:21)
	at org.gradle.launcher.bootstrap.EntryPoint.run(EntryPoint.java:59)
	at java.base/jdk.internal.reflect.DirectMethodHandleAccessor.invoke(Unknown Source)
	at java.base/java.lang.reflect.Method.invoke(Unknown Source)
	at org.gradle.launcher.bootstrap.ProcessBootstrap.runNoExit(ProcessBootstrap.java:60)
	at org.gradle.launcher.bootstrap.ProcessBootstrap.run(ProcessBootstrap.java:37)
	at org.gradle.launcher.daemon.bootstrap.GradleDaemon.main(GradleDaemon.java:22)
Daemon vm is shutting down... The daemon has exited normally or was terminated in response to a user interrupt.
2025-01-02T10:47:41.013+0600 [DEBUG] [org.gradle.launcher.daemon.registry.PersistentDaemonRegistry] Removing daemon address: [3a194519-8153-4267-b9a0-085253f4efe6 port:59309, addresses:[localhost/127.0.0.1]]
2025-01-02T10:47:41.013+0600 [DEBUG] [org.gradle.cache.internal.DefaultFileLockManager] Waiting to acquire exclusive lock on daemon addresses registry.
2025-01-02T10:47:41.013+0600 [DEBUG] [org.gradle.cache.internal.DefaultFileLockManager] Lock acquired on daemon addresses registry.
2025-01-02T10:47:41.037+0600 [DEBUG] [org.gradle.cache.internal.DefaultFileLockManager] Releasing lock on daemon addresses registry.
